[debug] [2024-08-03T18:56:28.204Z] ----------------------------------------------------------------------
[debug] [2024-08-03T18:56:28.220Z] Command:       C:\Program Files\nodejs\node.exe C:\Users\ROHMATNUG\AppData\Roaming\npm\node_modules\firebase-tools\lib\bin\firebase.js projects:list --json
[debug] [2024-08-03T18:56:28.222Z] CLI Version:   13.15.0
[debug] [2024-08-03T18:56:28.223Z] Platform:      win32
[debug] [2024-08-03T18:56:28.224Z] Node Version:  v20.16.0
[debug] [2024-08-03T18:56:28.225Z] Time:          Sun Aug 04 2024 01:56:28 GMT+0700 (Western Indonesia Time)
[debug] [2024-08-03T18:56:28.226Z] ----------------------------------------------------------------------
[debug] 
[debug] [2024-08-03T18:56:28.292Z] > command requires scopes: ["email","openid","https://www.googleapis.com/auth/cloudplatformprojects.readonly","https://www.googleapis.com/auth/firebase","https://www.googleapis.com/auth/cloud-platform"]
[debug] [2024-08-03T18:56:28.297Z] > authorizing via signed-in user (rohmatnugroho99@gmail.com)
[debug] [2024-08-03T18:56:28.331Z] >>> [apiv2][query] GET https://firebase.googleapis.com/v1beta1/projects pageSize=1000
[debug] [2024-08-03T18:56:28.549Z] Error: EPIPE: broken pipe, write
    at Socket._write (node:internal/net:61:18)
    at writeOrBuffer (node:internal/streams/writable:570:12)
    at _write (node:internal/streams/writable:499:10)
    at Writable.write (node:internal/streams/writable:508:10)
    at Ora.start (C:\Users\ROHMATNUG\AppData\Roaming\npm\node_modules\firebase-tools\node_modules\ora\index.js:304:17)
    at Command.actionFn (C:\Users\ROHMATNUG\AppData\Roaming\npm\node_modules\firebase-tools\lib\commands\projects-list.js:48:73)
    at C:\Users\ROHMATNUG\AppData\Roaming\npm\node_modules\firebase-tools\lib\command.js:228:25
    at process.processTicksAndRejections (node:internal/process/task_queues:95:5)
[error] 
[error] Error: An unexpected error has occurred.
